  GameEngine.cpp
D:\SDLGAME\SDLGAME\GameEngine.cpp(62,41): warning C4244: '=': conversion from 'double' to 'int', possible loss of data
D:\SDLGAME\SDLGAME\GameEngine.cpp(80,54): warning C4244: '=': conversion from 'double' to 'int', possible loss of data
D:\SDLGAME\SDLGAME\GameEngine.cpp(81,54): warning C4244: '=': conversion from 'double' to 'int', possible loss of data
D:\SDLGAME\SDLGAME\GameEngine.cpp(183,53): warning C4244: '=': conversion from 'double' to 'int', possible loss of data
D:\SDLGAME\SDLGAME\GameEngine.cpp(184,53): warning C4244: '=': conversion from 'double' to 'int', possible loss of data
D:\SDLGAME\SDLGAME\GameEngine.cpp(190,35): warning C4244: '=': conversion from 'double' to 'int', possible loss of data
D:\SDLGAME\SDLGAME\GameEngine.cpp(191,53): warning C4244: '=': conversion from 'double' to 'int', possible loss of data
D:\SDLGAME\SDLGAME\GameEngine.cpp(196,55): warning C4244: '=': conversion from 'double' to 'int', possible loss of data
D:\SDLGAME\SDLGAME\GameEngine.cpp(199,55): warning C4244: '=': conversion from 'double' to 'int', possible loss of data
D:\SDLGAME\SDLGAME\GameEngine.cpp(202,55): warning C4244: '=': conversion from 'double' to 'int', possible loss of data
D:\SDLGAME\SDLGAME\GameEngine.cpp(205,55): warning C4244: '=': conversion from 'double' to 'int', possible loss of data
D:\SDLGAME\SDLGAME\GameEngine.cpp(257,13): warning C4244: '=': conversion from 'double' to 'int', possible loss of data
D:\SDLGAME\SDLGAME\GameEngine.cpp(258,13): warning C4244: '=': conversion from 'double' to 'int', possible loss of data
D:\SDLGAME\SDLGAME\GameEngine.cpp(269,15): warning C4244: 'initializing': conversion from 'double' to 'float', possible loss of data
D:\SDLGAME\SDLGAME\GameEngine.cpp(271,15): warning C4244: 'initializing': conversion from 'double' to 'float', possible loss of data
D:\SDLGAME\SDLGAME\GameEngine.cpp(275,82): warning C4244: 'argument': conversion from 'float' to 'int', possible loss of data
D:\SDLGAME\SDLGAME\GameEngine.cpp(275,75): warning C4244: 'argument': conversion from 'float' to 'int', possible loss of data
D:\SDLGAME\SDLGAME\GameEngine.cpp(276,82): warning C4244: 'argument': conversion from 'float' to 'int', possible loss of data
D:\SDLGAME\SDLGAME\GameEngine.cpp(276,74): warning C4244: 'argument': conversion from 'float' to 'int', possible loss of data
D:\SDLGAME\SDLGAME\GameEngine.cpp(277,81): warning C4244: 'argument': conversion from 'float' to 'int', possible loss of data
D:\SDLGAME\SDLGAME\GameEngine.cpp(277,73): warning C4244: 'argument': conversion from 'float' to 'int', possible loss of data
D:\SDLGAME\SDLGAME\GameEngine.cpp(278,74): warning C4244: 'argument': conversion from 'float' to 'int', possible loss of data
D:\SDLGAME\SDLGAME\GameEngine.cpp(278,66): warning C4244: 'argument': conversion from 'float' to 'int', possible loss of data
  SDLGAME.vcxproj -> D:\SDLGAME\x64\Debug\SDLGAME.exe
